Log file open, 04/29/17 08:40:23
LogInit:Display: Running engine for game: infinit_run
LogPlatformFile: Not using cached read wrapper
LogInit:Display: RandInit(-324051091) SRandInit(-324051090).
LogTaskGraph: Started task graph with 5 named threads and 8 total threads with 1 sets of task threads.
LogStats: Stats thread started at 0.081837
LogInit: Using libcurl 7.47.1
LogInit:  - built for x86_64-pc-win32
LogInit:  - supports SSL with OpenSSL/1.0.2g
LogInit:  - supports HTTP deflate (compression) using libz 1.2.8
LogInit:  - other features:
LogInit:      CURL_VERSION_SSL
LogInit:      CURL_VERSION_LIBZ
LogInit:      CURL_VERSION_IPV6
LogInit:      CURL_VERSION_ASYNCHDNS
LogInit:      CURL_VERSION_LARGEFILE
LogInit:      CURL_VERSION_IDN
LogInit:  CurlRequestOptions (configurable via config and command line):
LogInit:  - bVerifyPeer = false  - Libcurl will NOT verify peer certificate
LogInit:  - bUseHttpProxy = false  - Libcurl will NOT use HTTP proxy
LogInit:  - bDontReuseConnections = false  - Libcurl will reuse connections
LogInit:  - CertBundlePath = nullptr  - Libcurl will use whatever was configured at build time.
LogInit: Build: ++UE4+Release-4.15-CL-3348071
LogInit: Engine Version: 4.15.1-3348071+++UE4+Release-4.15
LogInit: Compatible Engine Version: 4.15.0-3299760+++UE4+Release-4.15
LogInit: Net CL: 3299760
LogDevObjectVersion: Number of dev versions registered: 14
LogDevObjectVersion:   Dev-Blueprints (B0D832E4-1F89-4F0D-ACCF-7EB736FD4AA2): 8
LogDevObjectVersion:   Dev-Build (E1C64328-A22C-4D53-A36C-8E866417BD8C): 0
LogDevObjectVersion:   Dev-Core (375EC13C-06E4-48FB-B500-84F0262A717E): 2
LogDevObjectVersion:   Dev-Editor (E4B068ED-F494-42E9-A231-DA0B2E46BB41): 14
LogDevObjectVersion:   Dev-Framework (CFFC743F-43B0-4480-9391-14DF171D2073): 22
LogDevObjectVersion:   Dev-Mobile (B02B49B5-BB20-44E9-A304-32B752E40360): 0
LogDevObjectVersion:   Dev-Networking (A4E4105C-59A1-49B5-A7C5-40C4547EDFEE): 0
LogDevObjectVersion:   Dev-Online (39C831C9-5AE6-47DC-9A44-9C173E1C8E7C): 0
LogDevObjectVersion:   Dev-Physics (78F01B33-EBEA-4F98-B9B4-84EACCB95AA2): 0
LogDevObjectVersion:   Dev-Platform (6631380F-2D4D-43E0-8009-CF276956A95A): 0
LogDevObjectVersion:   Dev-Rendering (12F88B9F-8875-4AFC-A67C-D90C383ABD29): 12
LogDevObjectVersion:   Dev-Sequencer (7B5AE74C-D270-4C10-A958-57980B212A5A): 3
LogDevObjectVersion:   Dev-VR (D7296918-1DD6-4BDD-9DE2-64A83CC13884): 0
LogDevObjectVersion:   Dev-LoadTimes (C2A15278-BFE7-4AFE-6C17-90FF531DF755): 1
LogInit: Compiled (64-bit): Mar 15 2017 16:52:47
LogInit: Compiled with Visual C++: 19.00.23026.00
LogInit: Build Configuration: Development
LogInit: Branch Name: ++UE4+Release-4.15
LogInit: Command line:  
LogInit: Base directory: C:/Program Files/Epic Games/UE_4.15/Engine/Binaries/Win64/
LogInit: Installed Engine Build: 1
LogInit: Presizing for max 8388607 objects, including 0 objects not considered by GC, pre-allocating 0 bytes for permanent pool.
LogInit: Object subsystem initialized
[2017.04.29-11.40.24:588][  0]LogInit: Selected Device Profile: [Windows]
[2017.04.29-11.40.24:588][  0]LogInit: Applying CVar settings loaded from the selected device profile: [Windows]
[2017.04.29-11.40.24:675][  0]LogInit: Computer: MRPOPO-HP
[2017.04.29-11.40.24:675][  0]LogInit: User: jesus
[2017.04.29-11.40.24:675][  0]LogInit: CPU Page size=65536, Cores=4
[2017.04.29-11.40.24:675][  0]LogInit: High frequency timer resolution =3.312660 MHz
[2017.04.29-11.40.24:675][  0]LogMemory: Memory total: Physical=7.4GB (8GB approx)
[2017.04.29-11.40.24:675][  0]LogMemory: Platform Memory Stats for Windows
[2017.04.29-11.40.24:675][  0]LogMemory: Process Physical Memory: 262.65 MB used, 262.65 MB peak
[2017.04.29-11.40.24:675][  0]LogMemory: Process Virtual Memory: 262.62 MB used, 262.62 MB peak
[2017.04.29-11.40.24:675][  0]LogMemory: Physical Memory: 3042.07 MB used,  4567.46 MB free, 7609.53 MB total
[2017.04.29-11.40.24:675][  0]LogMemory: Virtual Memory: 645.19 MB used,  4567.46 MB free, 134217728.00 MB total
[2017.04.29-11.40.24:764][  0]LogInit: Overriding culture en-US with editor configuration.
[2017.04.29-11.40.24:766][  0]LogTextLocalizationManager: No specific translations for ('en-US') exist, so ('en') translations will be used.
[2017.04.29-11.40.28:378][  0]LogD3D11RHI: D3D11 adapters:
[2017.04.29-11.40.28:387][  0]LogD3D11RHI:    0. 'Intel(R) HD Graphics 4600' (Feature Level 11_0)
[2017.04.29-11.40.28:387][  0]LogD3D11RHI:       112/0/2048 MB DedicatedVideo/DedicatedSystem/SharedSystem, Outputs:2, VendorId:0x8086
[2017.04.29-11.40.28:389][  0]LogD3D11RHI:    1. 'Microsoft Basic Render Driver' (Feature Level 11_0)
[2017.04.29-11.40.28:389][  0]LogD3D11RHI:       0/0/3804 MB DedicatedVideo/DedicatedSystem/SharedSystem, Outputs:0, VendorId:0x1414
[2017.04.29-11.40.28:389][  0]LogD3D11RHI: Chosen D3D11 Adapter: 0
[2017.04.29-11.40.28:395][  0]LogD3D11RHI: Creating new Direct3DDevice
[2017.04.29-11.40.28:395][  0]LogD3D11RHI:     GPU DeviceId: 0x412 (for the marketing name, search the web for "GPU Device Id")
[2017.04.29-11.40.28:395][  0]LogWindows: EnumDisplayDevices:
[2017.04.29-11.40.28:395][  0]LogWindows:    0. 'Intel(R) HD Graphics 4600' (P:1 D:1)
[2017.04.29-11.40.28:395][  0]LogWindows:    1. 'Intel(R) HD Graphics 4600' (P:0 D:1)
[2017.04.29-11.40.28:395][  0]LogWindows:    2. 'Intel(R) HD Graphics 4600' (P:0 D:0)
[2017.04.29-11.40.28:395][  0]LogWindows: DebugString: FoundDriverCount:3 
[2017.04.29-11.40.28:395][  0]LogD3D11RHI:     Adapter Name: Intel(R) HD Graphics 4600
[2017.04.29-11.40.28:395][  0]LogD3D11RHI:   Driver Version: 20.19.15.4568 (internal:20.19.15.4568, unified:20.19.15.4568)
[2017.04.29-11.40.28:395][  0]LogD3D11RHI:      Driver Date: 12-16-2016
[2017.04.29-11.40.28:396][  0]LogRHI: Texture pool is 795 MB (70% of 1136 MB)
[2017.04.29-11.40.28:400][  0]LogD3D11RHI: Async texture creation enabled
[2017.04.29-11.40.28:404][  0]LogD3D11RHI: GPU Timing Frequency: 12.500000 (Debug: 2 0)
[2017.04.29-11.40.28:406][  0]LogShaderCompilers: Guid format shader working directory is 32 characters bigger than the processId version (I:/infinit_run/Intermediate/Shaders/WorkingDirectory/2488/).
[2017.04.29-11.40.28:406][  0]LogShaderCompilers: Cleaned the shader compiler working directory 'C:/Users/jesus/AppData/Local/Temp/UnrealShaderWorkingDir/9DAB65114C930C78A207849B86367225/'.
[2017.04.29-11.40.28:406][  0]LogShaderCompilers:Display: Using Local Shader Compiler.
[2017.04.29-11.40.30:779][  0]LogTemp:Display: Loaded TP AllDesktopTargetPlatform
[2017.04.29-11.40.30:847][  0]LogTemp:Display: Loaded TP MacClientTargetPlatform
[2017.04.29-11.40.30:908][  0]LogTemp:Display: Loaded TP MacNoEditorTargetPlatform
[2017.04.29-11.40.30:969][  0]LogTemp:Display: Loaded TP MacServerTargetPlatform
[2017.04.29-11.40.31:041][  0]LogTemp:Display: Loaded TP MacTargetPlatform
[2017.04.29-11.40.31:105][  0]LogTemp:Display: Loaded TP WindowsClientTargetPlatform
[2017.04.29-11.40.31:165][  0]LogTemp:Display: Loaded TP WindowsNoEditorTargetPlatform
[2017.04.29-11.40.31:226][  0]LogTemp:Display: Loaded TP WindowsServerTargetPlatform
[2017.04.29-11.40.31:272][  0]LogTemp:Display: Loaded TP WindowsTargetPlatform
[2017.04.29-11.40.31:318][  0]LogTemp:Display: Loaded TP AndroidTargetPlatform
[2017.04.29-11.40.31:364][  0]LogTemp:Display: Loaded TP Android_ASTCTargetPlatform
[2017.04.29-11.40.31:413][  0]LogTemp:Display: Loaded TP Android_ATCTargetPlatform
[2017.04.29-11.40.31:460][  0]LogTemp:Display: Loaded TP Android_DXTTargetPlatform
[2017.04.29-11.40.31:512][  0]LogTemp:Display: Loaded TP Android_ETC1TargetPlatform
[2017.04.29-11.40.31:559][  0]LogTemp:Display: Loaded TP Android_ETC2TargetPlatform
[2017.04.29-11.40.31:653][  0]LogTemp:Display: Loaded TP Android_MultiTargetPlatform
[2017.04.29-11.40.31:653][  0]LogTemp:Display: Loaded TP Android_PVRTCTargetPlatform
[2017.04.29-11.40.31:688][  0]LogTemp:Display: Loaded TP HTML5TargetPlatform
[2017.04.29-11.40.31:790][  0]LogTemp:Display: Loaded TP IOSTargetPlatform
[2017.04.29-11.40.31:820][  0]LogTemp:Display: Loaded TP TVOSTargetPlatform
[2017.04.29-11.40.31:868][  0]LogTemp:Display: Loaded TP LinuxClientTargetPlatform
[2017.04.29-11.40.31:915][  0]LogTemp:Display: Loaded TP LinuxNoEditorTargetPlatform
[2017.04.29-11.40.31:963][  0]LogTemp:Display: Loaded TP LinuxServerTargetPlatform
[2017.04.29-11.40.32:024][  0]LogTemp:Display: Loaded TP LinuxTargetPlatform
[2017.04.29-11.40.32:024][  0]LogTargetPlatformManager:Display: Building Assets For Windows
[2017.04.29-11.40.32:430][  0]LogDerivedDataCache:Display: Max Cache Size: 512 MB
[2017.04.29-11.40.32:742][  0]LogDerivedDataCache: Loaded boot cache 0.31s 50MB C:/Users/jesus/AppData/Local/UnrealEngine/4.15/DerivedDataCache/Boot.ddc.
[2017.04.29-11.40.32:742][  0]LogDerivedDataCache:Display: Loaded Boot cache: C:/Users/jesus/AppData/Local/UnrealEngine/4.15/DerivedDataCache/Boot.ddc
[2017.04.29-11.40.32:742][  0]LogDerivedDataCache: FDerivedDataBackendGraph:  Pak pak cache file I:/infinit_run/DerivedDataCache/DDC.ddp not found, will not use a pak cache.
[2017.04.29-11.40.32:742][  0]LogDerivedDataCache: Unable to find inner node Pak for hierarchical cache Hierarchy.
[2017.04.29-11.40.32:742][  0]LogDerivedDataCache: FDerivedDataBackendGraph:  CompressedPak pak cache file I:/infinit_run/DerivedDataCache/Compressed.ddp not found, will not use a pak cache.
[2017.04.29-11.40.32:742][  0]LogDerivedDataCache: Unable to find inner node CompressedPak for hierarchical cache Hierarchy.
[2017.04.29-11.40.32:763][  0]LogDerivedDataCache:Display: Pak cache opened for reading ../../../Engine/DerivedDataCache/Compressed.ddp.
[2017.04.29-11.40.32:776][  0]LogDerivedDataCache: Using Local data cache path C:/Users/jesus/AppData/Local/UnrealEngine/Common/DerivedDataCache: Writable
[2017.04.29-11.40.32:785][  0]LogSlate: Using Freetype 2.6.0
[2017.04.29-11.40.32:818][  0]LogSlate: SlateFontCache - WITH_FREETYPE: 1, WITH_HARFBUZZ: 1
[2017.04.29-11.40.32:818][  0]LogSlate: SlateFontCache - WITH_FREETYPE: 1, WITH_HARFBUZZ: 1
[2017.04.29-11.40.33:999][  0]LogInit: Selected Device Profile: [Windows]
[2017.04.29-11.40.34:002][  0]LogContentStreaming: Texture pool size is 0.00 MB
[2017.04.29-11.40.34:201][  0]LogMeshUtilities: Using QuadricMeshReduction for automatic static mesh reduction
[2017.04.29-11.40.34:243][  0]LogSimplygon: Simplygon DLL not present - disabling.
[2017.04.29-11.40.34:283][  0]LogMeshUtilities: Using SimplygonSwarm for distributed automatic mesh merging
[2017.04.29-11.40.34:283][  0]LogMeshUtilities: No automatic skeletal mesh reduction module available
[2017.04.29-11.40.34:283][  0]LogMeshUtilities: No automatic mesh merging module available
[2017.04.29-11.40.34:975][  0]LogNetVersion: GetLocalNetworkVersion: CL: 3299760, ProjectName: infinit_run, ProjectVersion: , EngineNetworkVersion: 2, GameNetworkVersion: 0, NetworkChecksum: 877598968
[2017.04.29-11.40.35:020][  0]LogAssetRegistry: FAssetRegistry took 0.0218 seconds to start up
[2017.04.29-11.40.35:554][  0]LogPackageLocalizationCache: Processed 3 localized package path(s) for 2 prioritized culture(s) in 0.514935 seconds
[2017.04.29-11.40.35:559][  0]LogUObjectArray: 32493 objects as part of root set at end of initial load.
[2017.04.29-11.40.35:559][  0]LogUObjectAllocator: 7077032 out of 0 bytes used by permanent object pool.
[2017.04.29-11.40.35:559][  0]LogUObjectArray: CloseDisregardForGC: 0/0 objects in disregard for GC pool
[2017.04.29-11.40.35:616][  0]LogInit: WinSock: version 1.1 (2.2), MaxSocks=32767, MaxUdp=65467
[2017.04.29-11.41.27:785][  0]LogTcpMessaging: Initializing TcpMessaging bridge
[2017.04.29-11.41.27:826][  0]LogUdpMessaging: Initializing bridge on interface 0.0.0.0:0 to multicast group 230.0.0.1:6666.
[2017.04.29-11.41.29:331][  0]LogMaterial: Uniform references updated for custom material expression Custom.
[2017.04.29-11.41.30:205][  0]SourceControl: Info Source control is disabled
[2017.04.29-11.41.30:257][  0]SourceControl: Info Source control is disabled
[2017.04.29-11.41.30:314][  0]SourceControl: Info Source control is disabled
[2017.04.29-11.41.30:364][  0]SourceControl: Info Source control is disabled
[2017.04.29-11.41.32:831][  0]LogEngine: Initializing Engine...
[2017.04.29-11.41.32:831][  0]LogHMD: Failed to initialize OpenVR with code 110
[2017.04.29-11.41.33:637][  0]LogAIModule: Creating AISystem for world Untitled
[2017.04.29-11.41.33:641][  0]LogInit: XAudio2 using 'Speakers (Realtek High Definition Audio)' : 2 channels at 48 kHz using 32 bits per sample (channel mask 0x3)
[2017.04.29-11.41.33:694][  0]LogInit: FAudioDevice initialized.
[2017.04.29-11.41.33:724][  0]LogDerivedDataCache: Saved boot cache 0.03s 50MB C:/Users/jesus/AppData/Local/UnrealEngine/4.15/DerivedDataCache/Boot.ddc.
[2017.04.29-11.41.33:737][  0]LogInit: Texture streaming: Enabled
[2017.04.29-11.41.33:833][  0]LogEngineSessionManager: EngineSessionManager initialized
[2017.04.29-11.41.33:927][  0]LogInit: Transaction tracking system initialized
[2017.04.29-11.41.34:250][  0]BlueprintLog: New page: Editor Load
[2017.04.29-11.41.35:193][  0]LocalizationService: Info Localization service is disabled
[2017.04.29-11.41.36:318][  0]LogConsoleResponse:Display: 
[2017.04.29-11.41.37:500][  0]LogCook:Display: Max memory allowance for cook 16384mb min free memory 0mb
[2017.04.29-11.41.37:500][  0]LogCook:Display: Mobile HDR setting 1
[2017.04.29-11.41.38:379][  0]LogFileCache: Scanning file cache for directory 'I:/infinit_run/Content/' took 0.02s
[2017.04.29-11.41.38:379][  0]LogLinker:Warning: Error opening file '../../../Engine/Content/BasicShapes/Cube.uasset'.
[2017.04.29-11.41.38:379][  0]LogLinker:Warning: Error opening file '../../../Engine/Content/BasicShapes/Cube.uasset'.
[2017.04.29-11.41.38:379][  0]LogUObjectGlobals:Warning: Failed to find object 'StaticMesh /Engine/BasicShapes/Cube.Cube'
[2017.04.29-11.41.39:092][  0]SourceControl: Info Source control is disabled
[2017.04.29-11.41.39:092][  0]Cmd: MAP LOAD FILE="I:/infinit_run/Content/StarterContent/Maps/Minimal_Default.umap" TEMPLATE=0 SHOWPROGRESS=1 FEATURELEVEL=3
[2017.04.29-11.41.40:026][  0]LightingResults: New page: Lighting Build
[2017.04.29-11.41.40:064][  0]MapCheck: New page: Map Check
[2017.04.29-11.41.40:065][  0]LightingResults: New page: Lighting Build
[2017.04.29-11.41.40:079][  0]LogLinker:Warning: Error opening file '../../../Engine/Content/EngineSky/BP_Sky_Sphere.uasset'.
[2017.04.29-11.41.40:080][  0]LogLinker:Warning: Error opening file '../../../Engine/Content/EngineSky/BP_Sky_Sphere.uasset'.
[2017.04.29-11.41.41:946][  0]LogLinker:Warning: Error opening file '../../../Engine/Content/EngineSky/BP_Sky_Sphere.uasset'.
[2017.04.29-11.41.41:946][  0]LogLinker:Warning: Error opening file '../../../Engine/Content/EngineSky/BP_Sky_Sphere.uasset'.
[2017.04.29-11.41.42:798][  0]LogLinker:Warning: Error opening file '../../../Engine/Content/EngineSky/BP_Sky_Sphere.uasset'.
[2017.04.29-11.41.42:798][  0]LogLinker:Warning: Error opening file '../../../Engine/Content/EngineSky/BP_Sky_Sphere.uasset'.
[2017.04.29-11.41.42:798][  0]LogLinker:Warning: Error opening file '../../../Engine/Content/EngineSky/BP_Sky_Sphere.uasset'.
[2017.04.29-11.41.42:798][  0]LogLinker:Warning: Error opening file '../../../Engine/Content/EngineSky/BP_Sky_Sphere.uasset'.
[2017.04.29-11.41.42:799][  0]LogLinker:Warning: Error opening file '../../../Engine/Content/EngineSky/BP_Sky_Sphere.uasset'.
[2017.04.29-11.41.42:799][  0]LogLinker:Warning: Error opening file '../../../Engine/Content/EngineSky/BP_Sky_Sphere.uasset'.
[2017.04.29-11.41.42:799][  0]LogLinker:Warning: Error opening file '../../../Engine/Content/EngineSky/BP_Sky_Sphere.uasset'.
[2017.04.29-11.41.42:799][  0]LogLinker:Warning: Error opening file '../../../Engine/Content/EngineSky/BP_Sky_Sphere.uasset'.
[2017.04.29-11.41.42:799][  0]LogLinker:Warning: Error opening file '../../../Engine/Content/EngineSky/BP_Sky_Sphere.uasset'.
[2017.04.29-11.41.42:799][  0]LogLinker:Warning: Error opening file '../../../Engine/Content/EngineSky/BP_Sky_Sphere.uasset'.
[2017.04.29-11.41.42:799][  0]LogLinker:Warning: Error opening file '../../../Engine/Content/EngineSky/BP_Sky_Sphere.uasset'.
[2017.04.29-11.41.42:799][  0]LogLinker:Warning: Error opening file '../../../Engine/Content/EngineSky/BP_Sky_Sphere.uasset'.
[2017.04.29-11.41.42:801][  0]LogLinker:Warning: Error opening file '../../../Engine/Content/EngineSky/BP_Sky_Sphere.uasset'.
[2017.04.29-11.41.42:801][  0]LogLinker:Warning: Error opening file '../../../Engine/Content/EngineSky/BP_Sky_Sphere.uasset'.
[2017.04.29-11.41.42:801][  0]LogLinker:Warning: Error opening file '../../../Engine/Content/EngineSky/BP_Sky_Sphere.uasset'.
[2017.04.29-11.41.42:801][  0]LogLinker:Warning: Error opening file '../../../Engine/Content/EngineSky/BP_Sky_Sphere.uasset'.
[2017.04.29-11.41.42:802][  0]LogLinker:Warning: Error opening file '../../../Engine/Content/EngineSky/BP_Sky_Sphere.uasset'.
[2017.04.29-11.41.42:802][  0]LogLinker:Warning: Error opening file '../../../Engine/Content/EngineSky/BP_Sky_Sphere.uasset'.
[2017.04.29-11.41.42:802][  0]LogLinker:Warning: Error opening file '../../../Engine/Content/EngineSky/BP_Sky_Sphere.uasset'.
[2017.04.29-11.41.42:802][  0]LogLinker:Warning: Error opening file '../../../Engine/Content/EngineSky/BP_Sky_Sphere.uasset'.
[2017.04.29-11.41.42:803][  0]LogLinker:Warning: Error opening file '../../../Engine/Content/EngineSky/BP_Sky_Sphere.uasset'.
[2017.04.29-11.41.42:803][  0]LogLinker:Warning: Error opening file '../../../Engine/Content/EngineSky/BP_Sky_Sphere.uasset'.
[2017.04.29-11.41.42:803][  0]LogLinker:Warning: Error opening file '../../../Engine/Content/EngineSky/BP_Sky_Sphere.uasset'.
[2017.04.29-11.41.42:803][  0]LogLinker:Warning: Error opening file '../../../Engine/Content/EngineSky/BP_Sky_Sphere.uasset'.
[2017.04.29-11.41.42:807][  0]LogLinker:Warning: Error opening file '../../../Engine/Content/EngineSky/BP_Sky_Sphere.uasset'.
[2017.04.29-11.41.42:807][  0]LogLinker:Warning: Error opening file '../../../Engine/Content/EngineSky/BP_Sky_Sphere.uasset'.
[2017.04.29-11.41.42:807][  0]LogLinker:Warning: Error opening file '../../../Engine/Content/EngineSky/BP_Sky_Sphere.uasset'.
[2017.04.29-11.41.42:807][  0]LogLinker:Warning: Error opening file '../../../Engine/Content/EngineSky/BP_Sky_Sphere.uasset'.
[2017.04.29-11.41.44:057][  0]LogAIModule: Creating AISystem for world Minimal_Default
[2017.04.29-11.41.44:167][  0]LogEditorServer: Finished looking for orphan Actors (0.000 secs)
[2017.04.29-11.41.44:176][  0]Cmd: MAP CHECKDEP NOCLEARLOG
[2017.04.29-11.41.46:760][  0]MapCheck: Info Map check complete: 0 Error(s), 0 Warning(s), took 2,584.037ms to complete.
[2017.04.29-11.41.46:761][  0]LogFileHelpers: Loading map 'Minimal_Default' took 7.668
[2017.04.29-11.41.46:822][  0]LogWindowsTextInputMethodSystem:Display: IME system now deactivated.
[2017.04.29-11.41.47:029][  0]LogCollectionManager: Loaded 0 collections in 0.008127 seconds
[2017.04.29-11.41.47:112][  0]LogFileCache: Scanning file cache for directory 'I:/infinit_run/Saved/Collections/' took 0.01s
[2017.04.29-11.41.47:112][  0]LogFileCache: Scanning file cache for directory 'I:/infinit_run/Content/Developers/jesus/Collections/' took 0.01s
[2017.04.29-11.41.47:112][  0]LogFileCache: Scanning file cache for directory 'I:/infinit_run/Content/Collections/' took 0.01s
[2017.04.29-11.41.47:112][  0]LogCollectionManager: Rebuilt the GUID cache for 0 collections in 0.000002 seconds
[2017.04.29-11.41.47:120][  0]LogContentBrowser: Native class hierarchy populated in 0.0079 seconds. Added 2245 classes and 453 folders.
[2017.04.29-11.41.47:123][  0]LogStats: UGameplayTagsManager::ConstructGameplayTagTree: Construct from data asset -  0.000 s
[2017.04.29-11.41.47:123][  0]LogStats: UGameplayTagsManager::ConstructGameplayTagTree: GameplayTagTreeChangedEvent.Broadcast -  0.000 s
[2017.04.29-11.41.47:189][  0]LogContentBrowser: Native class hierarchy updated for 'WidgetCarousel' in 0.0005 seconds. Added 0 classes and 0 folders.
[2017.04.29-11.41.48:002][  0]LogContentBrowser: Native class hierarchy updated for 'AddContentDialog' in 0.0006 seconds. Added 0 classes and 0 folders.
[2017.04.29-11.41.48:043][  0]LogContentBrowser: Native class hierarchy updated for 'SceneOutliner' in 0.0005 seconds. Added 1 classes and 2 folders.
[2017.04.29-11.41.48:374][  0]LogLinker:Warning: Error opening file '../../../Engine/Content/BasicShapes/Cube.uasset'.
[2017.04.29-11.41.48:374][  0]LogLinker:Warning: Error opening file '../../../Engine/Content/BasicShapes/Cube.uasset'.
[2017.04.29-11.41.48:474][  0]LogCrashTracker: Crashtracker disabled due to settings.
[2017.04.29-11.41.48:480][  0]LogUObjectGlobals:Warning: Failed to find object 'Class None.'
[2017.04.29-11.41.48:547][  0]LogContentBrowser: Native class hierarchy updated for 'HierarchicalLODOutliner' in 0.0005 seconds. Added 1 classes and 2 folders.
[2017.04.29-11.41.48:548][  0]LogLoad: (Engine Initialization) Total time: 88.66 seconds
[2017.04.29-11.41.48:548][  0]LogLoad: (Engine Initialization) Total Blueprint compile time: 0.11 seconds
[2017.04.29-11.41.48:548][  0]LogExternalProfiler: Found external profiler: VSPerf
[2017.04.29-11.41.48:548][  0]LogExternalProfiler: Using external profiler: VSPerf
[2017.04.29-11.41.48:557][  0]LogOcInput: OculusInput pre-init called
[2017.04.29-11.41.48:557][  0]LoadErrors:Warning: Warning CreateExport: Failed to load Outer for resource 'Sky Sphere mesh': BP_Sky_Sphere_C /Game/StarterContent/Maps/Minimal_Default.Minimal_Default:PersistentLevel.BP_Sky_Sphere_C_2
[2017.04.29-11.41.48:557][  0]LoadErrors:Warning: Warning CreateExport: Failed to load Outer for resource 'MaterialInstanceDynamic_2': StaticMeshComponent /Game/StarterContent/Maps/Minimal_Default.Minimal_Default:PersistentLevel.BP_Sky_Sphere_C_2.Sky Sphere mesh
[2017.04.29-11.41.48:557][  0]LoadErrors:Warning: Warning CreateExport: Failed to load Outer for resource 'Base': BP_Sky_Sphere_C /Game/StarterContent/Maps/Minimal_Default.Minimal_Default:PersistentLevel.BP_Sky_Sphere_C_2
[2017.04.29-11.41.48:579][  0]LogContentStreaming: Texture pool size now 800 MB
[2017.04.29-11.41.48:615][  0]LogSlate: Took 0.000205 seconds to synchronously load lazily loaded font '../../../Engine/Content/Slate/Fonts/Roboto-Regular.ttf' (155K)
[2017.04.29-11.41.48:619][  0]LogSlate: Took 0.000246 seconds to synchronously load lazily loaded font '../../../Engine/Content/Slate/Fonts/Roboto-Bold.ttf' (160K)
[2017.04.29-11.41.48:624][  0]LogSlate: Took 0.000449 seconds to synchronously load lazily loaded font '../../../Engine/Content/Editor/Slate/Fonts/FontAwesome.ttf' (139K)
[2017.04.29-11.41.48:870][  0]LogSlate: Took 0.000350 seconds to synchronously load lazily loaded font '../../../Engine/Content/Slate/Fonts/Roboto-Light.ttf' (159K)
[2017.04.29-11.41.48:953][  0]LogRenderer: Reallocating scene render targets to support 1208x576 NumSamples 1 (Frame:2).
[2017.04.29-11.41.51:329][  3]LogSlate: Took 0.000314 seconds to synchronously load lazily loaded font '../../../Engine/Content/Slate/Fonts/Roboto-Light.ttf' (159K)
[2017.04.29-11.41.53:651][ 45]LogCollectionManager: Rebuilt the object cache for 0 collections in 0.000005 seconds (found 0 objects)
[2017.04.29-11.41.55:032][ 72]LogSlate: Took 0.000246 seconds to synchronously load lazily loaded font '../../../Engine/Content/Slate/Fonts/Roboto-Light.ttf' (159K)
[2017.04.29-11.41.55:092][ 72]LogLinker:Warning: Error opening file '../../../Engine/Content/EngineSky/BP_Sky_Sphere.uasset'.
[2017.04.29-11.41.55:092][ 72]LogLinker:Warning: Error opening file '../../../Engine/Content/EngineSky/BP_Sky_Sphere.uasset'.
[2017.04.29-11.41.55:121][ 72]LogLinker:Warning: Error opening file '../../../Engine/Content/BasicShapes/Cube.uasset'.
[2017.04.29-11.41.55:121][ 72]LogLinker:Warning: Error opening file '../../../Engine/Content/BasicShapes/Cube.uasset'.
[2017.04.29-11.41.55:121][ 72]LogLinker:Warning: Error opening file '../../../Engine/Content/BasicShapes/Cube.uasset'.
[2017.04.29-11.41.55:121][ 72]LogLinker:Warning: Error opening file '../../../Engine/Content/BasicShapes/Cube.uasset'.
[2017.04.29-11.41.55:122][ 72]LogLinker:Warning: Error opening file '../../../Engine/Content/BasicShapes/Cube.uasset'.
[2017.04.29-11.41.55:122][ 72]LogLinker:Warning: Error opening file '../../../Engine/Content/BasicShapes/Cube.uasset'.
[2017.04.29-11.41.55:122][ 72]LogLinker:Warning: Error opening file '../../../Engine/Content/BasicShapes/Cube.uasset'.
[2017.04.29-11.41.55:122][ 72]LogLinker:Warning: Error opening file '../../../Engine/Content/BasicShapes/Cube.uasset'.
[2017.04.29-11.41.55:123][ 72]LogLinker:Warning: Error opening file '../../../Engine/Content/BasicShapes/Cube.uasset'.
[2017.04.29-11.41.55:123][ 72]LogLinker:Warning: Error opening file '../../../Engine/Content/BasicShapes/Cube.uasset'.
[2017.04.29-11.41.55:124][ 72]LogLinker:Warning: Error opening file '../../../Engine/Content/BasicShapes/Cube.uasset'.
[2017.04.29-11.41.55:124][ 72]LogLinker:Warning: Error opening file '../../../Engine/Content/BasicShapes/Cube.uasset'.
[2017.04.29-11.41.55:124][ 72]LogLinker:Warning: Error opening file '../../../Engine/Content/BasicShapes/Cube.uasset'.
[2017.04.29-11.41.55:124][ 72]LogLinker:Warning: Error opening file '../../../Engine/Content/BasicShapes/Cube.uasset'.
[2017.04.29-11.41.55:143][ 72]LogLinker:Warning: Error opening file '../../../Engine/Content/EngineSky/BP_Sky_Sphere.uasset'.
[2017.04.29-11.41.55:143][ 72]LogLinker:Warning: Error opening file '../../../Engine/Content/EngineSky/BP_Sky_Sphere.uasset'.
[2017.04.29-11.41.55:143][ 72]LogLinker:Warning: Error opening file '../../../Engine/Content/EngineSky/BP_Sky_Sphere.uasset'.
[2017.04.29-11.41.55:143][ 72]LogLinker:Warning: Error opening file '../../../Engine/Content/EngineSky/BP_Sky_Sphere.uasset'.
[2017.04.29-11.41.55:143][ 72]LogLinker:Warning: Error opening file '../../../Engine/Content/EngineSky/BP_Sky_Sphere.uasset'.
[2017.04.29-11.41.55:143][ 72]LogLinker:Warning: Error opening file '../../../Engine/Content/EngineSky/BP_Sky_Sphere.uasset'.
[2017.04.29-11.41.55:144][ 72]LogLinker:Warning: Error opening file '../../../Engine/Content/EngineSky/BP_Sky_Sphere.uasset'.
[2017.04.29-11.41.55:145][ 72]LogLinker:Warning: Error opening file '../../../Engine/Content/EngineSky/BP_Sky_Sphere.uasset'.
[2017.04.29-11.41.55:145][ 72]LogLinker:Warning: Error opening file '../../../Engine/Content/EngineSky/BP_Sky_Sphere.uasset'.
[2017.04.29-11.41.55:145][ 72]LogLinker:Warning: Error opening file '../../../Engine/Content/EngineSky/BP_Sky_Sphere.uasset'.
[2017.04.29-11.41.55:145][ 72]LogLinker:Warning: Error opening file '../../../Engine/Content/EngineSky/BP_Sky_Sphere.uasset'.
[2017.04.29-11.41.55:145][ 72]LogLinker:Warning: Error opening file '../../../Engine/Content/EngineSky/BP_Sky_Sphere.uasset'.
[2017.04.29-11.41.55:145][ 72]LogLinker:Warning: Error opening file '../../../Engine/Content/EngineSky/BP_Sky_Sphere.uasset'.
[2017.04.29-11.41.55:145][ 72]LogLinker:Warning: Error opening file '../../../Engine/Content/EngineSky/BP_Sky_Sphere.uasset'.
[2017.04.29-11.41.55:146][ 72]LogLinker:Warning: Error opening file '../../../Engine/Content/EngineSky/BP_Sky_Sphere.uasset'.
[2017.04.29-11.41.55:146][ 72]LogLinker:Warning: Error opening file '../../../Engine/Content/EngineSky/BP_Sky_Sphere.uasset'.
[2017.04.29-11.41.55:146][ 72]LogLinker:Warning: Error opening file '../../../Engine/Content/EngineSky/BP_Sky_Sphere.uasset'.
[2017.04.29-11.41.55:146][ 72]LogLinker:Warning: Error opening file '../../../Engine/Content/EngineSky/BP_Sky_Sphere.uasset'.
[2017.04.29-11.41.55:147][ 72]LogLinker:Warning: Error opening file '../../../Engine/Content/EngineSky/BP_Sky_Sphere.uasset'.
[2017.04.29-11.41.55:147][ 72]LogLinker:Warning: Error opening file '../../../Engine/Content/EngineSky/BP_Sky_Sphere.uasset'.
[2017.04.29-11.41.55:147][ 72]LogLinker:Warning: Error opening file '../../../Engine/Content/EngineSky/BP_Sky_Sphere.uasset'.
[2017.04.29-11.41.55:147][ 72]LogLinker:Warning: Error opening file '../../../Engine/Content/EngineSky/BP_Sky_Sphere.uasset'.
[2017.04.29-11.41.55:151][ 72]LogMaterial: Missing cached shader map for material cor_chao, compiling. 
[2017.04.29-11.41.55:175][ 72]LogTemp:Display: Added material ShaderMap 0x000001C1CB977580 with Material 0x000001C1CB9E0880 to ShaderMapsBeingCompiled
[2017.04.29-11.41.55:198][ 72]LogTemp:Display: Kicking off shader compilation for cor_chao, GameThreadShaderMap 0x000001C1CB977580
[2017.04.29-11.41.55:211][ 72]LogMaterial: Missing cached shader map for material cor_faixa, compiling. 
[2017.04.29-11.41.55:212][ 72]LogTemp:Display: Added material ShaderMap 0x000001C1D516DD00 with Material 0x000001C1CB9D2F80 to ShaderMapsBeingCompiled
[2017.04.29-11.41.55:226][ 72]LogTemp:Display: Kicking off shader compilation for cor_faixa, GameThreadShaderMap 0x000001C1D516DD00
[2017.04.29-11.41.55:271][ 72]LogMaterial: Missing cached shader map for material cor_parede, compiling. 
[2017.04.29-11.41.55:272][ 72]LogTemp:Display: Added material ShaderMap 0x000001C1D506C480 with Material 0x000001C1CB9D1600 to ShaderMapsBeingCompiled
[2017.04.29-11.41.55:287][ 72]LogTemp:Display: Kicking off shader compilation for cor_parede, GameThreadShaderMap 0x000001C1D506C480
[2017.04.29-11.41.55:628][ 72]LogAIModule: Creating AISystem for world NewMap
[2017.04.29-11.41.55:649][ 72]Cmd: MAP LOAD FILE="I:/infinit_run/Content/NewMap.umap" TEMPLATE=0 SHOWPROGRESS=1 FEATURELEVEL=3
[2017.04.29-11.41.55:649][ 72]LightingResults: New page: Lighting Build
[2017.04.29-11.41.55:651][ 72]LoadErrors: New page: Loading map: NewMap.umap
[2017.04.29-11.41.55:667][ 72]MapCheck: New page: Map Check
[2017.04.29-11.41.55:667][ 72]LightingResults: New page: Lighting Build
[2017.04.29-11.41.55:767][ 72]LogEditorServer: Finished looking for orphan Actors (0.000 secs)
[2017.04.29-11.41.56:744][ 72]Cmd: MAP CHECKDEP NOCLEARLOG
[2017.04.29-11.41.56:829][ 72]MapCheck: Info Map check complete: 0 Error(s), 0 Warning(s), took 85.273ms to complete.
[2017.04.29-11.41.56:829][ 72]LogFileHelpers: Loading map 'NewMap' took 1.181
[2017.04.29-11.41.56:831][ 72]LogSlate: Took 0.000302 seconds to synchronously load lazily loaded font '../../../Engine/Content/Slate/Fonts/Roboto-Regular.ttf' (155K)
[2017.04.29-11.41.56:843][ 72]LoadErrors:Warning: Warning CreateExport: Failed to load Outer for resource 'Sky Sphere mesh': BP_Sky_Sphere_C /Game/NewMap.NewMap:PersistentLevel.SkySphere
[2017.04.29-11.41.56:843][ 72]LoadErrors:Warning: Warning CreateExport: Failed to load Outer for resource 'MaterialInstanceDynamic_0': StaticMeshComponent /Game/NewMap.NewMap:PersistentLevel.SkySphere.Sky Sphere mesh
[2017.04.29-11.41.56:843][ 72]LoadErrors:Warning: Warning CreateExport: Failed to load Outer for resource 'Base': BP_Sky_Sphere_C /Game/NewMap.NewMap:PersistentLevel.SkySphere
[2017.04.29-11.41.57:335][ 75]LogAssetRegistry: Asset discovery search completed in 82.3375 seconds
[2017.04.29-11.41.57:336][ 75]LogCollectionManager: Fixed up redirectors for 0 collections in 0.000002 seconds (updated 0 objects)
[2017.04.29-11.41.58:251][ 87]LogTemp:Display: Finished compile of shader map 0x000001C1CB977580
[2017.04.29-11.41.58:252][ 87]LogTemp:Display: Shader map cor_chao complete, GameThreadShaderMap 0x000001C1CB977580, marking material cor_chao as finished
[2017.04.29-11.41.58:252][ 87]LogTemp:Display: Marking material as finished 0x000001C1CB9E0880
[2017.04.29-11.41.58:261][ 87]LogTemp:Display: Finished compile of shader map 0x000001C1D516DD00
[2017.04.29-11.41.58:261][ 87]LogTemp:Display: Shader map cor_faixa complete, GameThreadShaderMap 0x000001C1D516DD00, marking material cor_faixa as finished
[2017.04.29-11.41.58:261][ 87]LogTemp:Display: Marking material as finished 0x000001C1CB9D2F80
[2017.04.29-11.41.59:477][109]LogTemp: Repeting last play command: Selected Viewport
[2017.04.29-11.42.00:044][109]LogPlayLevel: PlayLevel: No blueprints needed recompiling
[2017.04.29-11.42.00:044][109]PIE: New page: PIE session: NewMap (Apr 29, 2017, 5:42:00 AM)
[2017.04.29-11.42.00:045][109]LogPlayLevel: Creating play world package: /Game/UEDPIE_0_NewMap
[2017.04.29-11.42.00:047][109]LogPlayLevel: PIE: StaticDuplicateObject took: (0.001975s)
[2017.04.29-11.42.00:048][109]LogAIModule: Creating AISystem for world NewMap
[2017.04.29-11.42.00:048][109]LogPlayLevel: PIE: World Init took: (0.001857s)
[2017.04.29-11.42.00:049][109]LogPlayLevel: PIE: Created PIE world by copying editor world from /Game/NewMap.NewMap to /Game/UEDPIE_0_NewMap.NewMap (0.004248s)
[2017.04.29-11.42.00:064][109]LogInit: XAudio2 using 'Speakers (Realtek High Definition Audio)' : 2 channels at 48 kHz using 32 bits per sample (channel mask 0x3)
[2017.04.29-11.42.00:074][109]LogInit: FAudioDevice initialized.
[2017.04.29-11.42.00:149][109]LogLoad: Game class is 'persgamemode_C'
[2017.04.29-11.42.00:151][109]LogWorld: Bringing World /Game/UEDPIE_0_NewMap.NewMap up for play (max tick rate 0) at 2017.04.29-08.42.00
[2017.04.29-11.42.00:152][109]LogWorld: Bringing up level for play took: 0.001610
[2017.04.29-11.42.00:208][109]LogContentBrowser: Native class hierarchy updated for 'MovieSceneCapture' in 0.0005 seconds. Added 11 classes and 0 folders.
[2017.04.29-11.42.00:213][109]PIE: Info Play in editor start time for /Game/UEDPIE_0_NewMap -0.47
[2017.04.29-11.42.00:229][109]LogTemp:Display: Finished compile of shader map 0x000001C1D506C480
[2017.04.29-11.42.00:229][109]LogTemp:Display: Shader map cor_parede complete, GameThreadShaderMap 0x000001C1D506C480, marking material cor_parede as finished
[2017.04.29-11.42.00:229][109]LogTemp:Display: Marking material as finished 0x000001C1CB9D1600
[2017.04.29-11.42.30:104][769]LogContentBrowser: Native class hierarchy updated for 'BlueprintGraph' in 0.0010 seconds. Added 112 classes and 0 folders.
[2017.04.29-11.42.33:941][769]LogSlate: Took 0.011769 seconds to synchronously load lazily loaded font '../../../Engine/Content/Editor/Slate/Fonts/Roboto-BoldCondensed.ttf' (158K)
[2017.04.29-11.42.46:757][958]LogSlate: Took 0.026983 seconds to synchronously load lazily loaded font '../../../Engine/Content/Editor/Slate/Fonts/Roboto-Italic.ttf' (157K)
[2017.04.29-11.42.48:346][ 55]LogRenderer: Reallocating scene render targets to support 1208x900 NumSamples 1 (Frame:960).
[2017.04.29-11.43.10:970][398]Cmd: OBJ SAVEPACKAGE PACKAGE="/Game/NewMap" FILE="I:/infinit_run/Content/NewMap.umap" SILENT=true AUTOSAVING=false KEEPDIRTY=false
[2017.04.29-11.43.16:763][398]LogSavePackage: Save=5204.67ms
[2017.04.29-11.43.16:764][398]LogSavePackage: Moving 'I:/infinit_run/Saved/NewMap5485C03C475614D0D8E2F7A7A609D87B.tmp' to 'I:/infinit_run/Content/NewMap.umap'
[2017.04.29-11.43.18:270][398]LogSavePackage:Display: Finished SavePackage I:/infinit_run/Content/NewMap.umap
[2017.04.29-11.43.19:268][398]LogFileHelpers: Saving map 'NewMap' took 8.774
[2017.04.29-11.43.19:272][398]Cmd: MAP LOAD FILE="I:/infinit_run/Content/NewMap.umap" TEMPLATE=0 SHOWPROGRESS=1 FEATURELEVEL=3
[2017.04.29-11.43.19:272][398]LightingResults: New page: Lighting Build
[2017.04.29-11.43.19:273][398]LoadErrors: New page: Loading map: NewMap.umap
[2017.04.29-11.43.19:584][398]MapCheck: New page: Map Check
[2017.04.29-11.43.19:584][398]LightingResults: New page: Lighting Build
[2017.04.29-11.43.19:689][398]LogAIModule: Creating AISystem for world NewMap
[2017.04.29-11.43.19:764][398]LogEditorServer: Finished looking for orphan Actors (0.000 secs)
[2017.04.29-11.43.19:852][398]Cmd: MAP CHECKDEP NOCLEARLOG
[2017.04.29-11.43.19:899][398]MapCheck: Info Map check complete: 0 Error(s), 0 Warning(s), took 47.07ms to complete.
[2017.04.29-11.43.19:900][398]LogFileHelpers: Loading map 'NewMap' took 0.630
[2017.04.29-11.43.21:503][404]Cmd: QUIT_EDITOR
[2017.04.29-11.43.23:507][404]LogWindowsTextInputMethodSystem:Display: IME system now deactivated.
[2017.04.29-11.43.23:663][404]LogExit: Preparing to exit.
[2017.04.29-11.43.25:091][404]LogExit: Editor shut down
[2017.04.29-11.43.25:091][404]LogExit: Transaction tracking system shut down
[2017.04.29-11.43.27:468][404]LogObj: Freed 0b from 0 cluster array pools.
[2017.04.29-11.43.27:469][404]LogExit: Object subsystem successfully closed.
[2017.04.29-11.43.27:918][404]LogD3D11RHI: Shutdown
[2017.04.29-11.43.27:918][404]LogD3D11RHI: CleanupD3DDevice
[2017.04.29-11.43.28:301][404]LogD3D11RHI: ~FD3D11DynamicRHI
[2017.04.29-11.43.29:357][404]LogModuleManager: Shutting down and abandoning module BlueprintGraph (504)
[2017.04.29-11.43.29:357][404]LogModuleManager: Shutting down and abandoning module BlueprintProfiler (502)
[2017.04.29-11.43.29:397][404]LogModuleManager: Shutting down and abandoning module MovieSceneCapture (500)
[2017.04.29-11.43.29:397][404]LogModuleManager: Shutting down and abandoning module HierarchicalLODOutliner (498)
[2017.04.29-11.43.29:421][404]LogModuleManager: Shutting down and abandoning module CrashTracker (496)
[2017.04.29-11.43.29:421][404]LogModuleManager: Shutting down and abandoning module SceneOutliner (494)
[2017.04.29-11.43.29:421][404]LogModuleManager: Shutting down and abandoning module AddContentDialog (492)
[2017.04.29-11.43.29:423][404]LogDirectoryWatcher: A directory notification for 'C:/Program Files/Epic Games/UE_4.15/FeaturePacks/' was aborted.
[2017.04.29-11.43.29:465][404]LogModuleManager: Shutting down and abandoning module WidgetCarousel (491)
[2017.04.29-11.43.29:465][404]LogModuleManager: Shutting down and abandoning module EditorWidgets (488)
[2017.04.29-11.43.29:465][404]LogModuleManager: Shutting down and abandoning module CollectionManager (486)
[2017.04.29-11.43.29:469][404]LogDirectoryWatcher: A directory notification for 'I:/infinit_run/Content/Collections/' was aborted.
[2017.04.29-11.43.29:469][404]LogDirectoryWatcher: A directory notification for 'I:/infinit_run/Content/Developers/jesus/Collections/' was aborted.
[2017.04.29-11.43.29:469][404]LogDirectoryWatcher: A directory notification for 'I:/infinit_run/Saved/Collections/' was aborted.
[2017.04.29-11.43.29:469][404]LogModuleManager: Shutting down and abandoning module StatsViewer (484)
[2017.04.29-11.43.29:499][404]LogModuleManager: Shutting down and abandoning module FoliageEdit (482)
[2017.04.29-11.43.29:499][404]LogModuleManager: Shutting down and abandoning module LandscapeEditor (480)
[2017.04.29-11.43.29:538][404]LogModuleManager: Shutting down and abandoning module SceneDepthPickerMode (478)
[2017.04.29-11.43.29:538][404]LogModuleManager: Shutting down and abandoning module ActorPickerMode (476)
[2017.04.29-11.43.29:538][404]LogModuleManager: Shutting down and abandoning module GeometryMode (474)
[2017.04.29-11.43.29:538][404]LogModuleManager: Shutting down and abandoning module TextureAlignMode (472)
[2017.04.29-11.43.29:538][404]LogModuleManager: Shutting down and abandoning module BspMode (470)
[2017.04.29-11.43.29:545][404]LogModuleManager: Shutting down and abandoning module HardwareSurvey (468)
[2017.04.29-11.43.29:555][404]LogModuleManager: Shutting down and abandoning module SequenceRecorderSections (466)
[2017.04.29-11.43.29:561][404]LogModuleManager: Shutting down and abandoning module AutomationWorker (464)
[2017.04.29-11.43.29:566][404]LogModuleManager: Shutting down and abandoning module MatineeToLevelSequence (462)
[2017.04.29-11.43.29:574][404]LogModuleManager: Shutting down and abandoning module LevelSequenceEditor (460)
[2017.04.29-11.43.29:634][404]LogModuleManager: Shutting down and abandoning module PlacementMode (459)
[2017.04.29-11.43.29:634][404]LogModuleManager: Shutting down and abandoning module WmfMediaFactory (456)
[2017.04.29-11.43.29:634][404]LogModuleManager: Shutting down and abandoning module WmfMediaEditor (454)
[2017.04.29-11.43.29:634][404]LogModuleManager: Shutting down and abandoning module MfMediaFactory (452)
[2017.04.29-11.43.29:634][404]LogModuleManager: Shutting down and abandoning module MfMediaEditor (450)
[2017.04.29-11.43.29:634][404]LogModuleManager: Shutting down and abandoning module AvfMediaFactory (448)
[2017.04.29-11.43.29:634][404]LogModuleManager: Shutting down and abandoning module AvfMediaEditor (446)
[2017.04.29-11.43.29:634][404]LogModuleManager: Shutting down and abandoning module AndroidMediaFactory (444)
[2017.04.29-11.43.29:634][404]LogModuleManager: Shutting down and abandoning module Media (443)
[2017.04.29-11.43.29:634][404]LogModuleManager: Shutting down and abandoning module AndroidMediaEditor (440)
[2017.04.29-11.43.29:634][404]LogModuleManager: Shutting down and abandoning module CharacterAI (438)
[2017.04.29-11.43.29:634][404]LogModuleManager: Shutting down and abandoning module AudioCapture (436)
[2017.04.29-11.43.29:663][404]LogModuleManager: Shutting down and abandoning module SequenceRecorder (435)
[2017.04.29-11.43.29:692][404]LogModuleManager: Shutting down and abandoning module SmartSnapping (432)
[2017.04.29-11.43.29:692][404]LogModuleManager: Shutting down and abandoning module SessionServices (430)
[2017.04.29-11.43.29:692][404]LogModuleManager: Shutting down and abandoning module ViewportSnapping (428)
[2017.04.29-11.43.29:692][404]LogModuleManager: Shutting down and abandoning module ViewportInteraction (426)
[2017.04.29-11.43.29:692][404]LogModuleManager: Shutting down and abandoning module LogVisualizer (424)
[2017.04.29-11.43.29:796][404]LogModuleManager: Shutting down and abandoning module IntroTutorials (422)
[2017.04.29-11.43.29:825][404]LogModuleManager: Shutting down and abandoning module GameProjectGeneration (421)
[2017.04.29-11.43.29:878][404]LogModuleManager: Shutting down and abandoning module EditorLiveStreaming (418)
[2017.04.29-11.43.29:878][404]LogModuleManager: Shutting down and abandoning module IOSPlatformEditor (416)
[2017.04.29-11.43.29:878][404]LogModuleManager: Shutting down and abandoning module HTML5PlatformEditor (414)
[2017.04.29-11.43.29:878][404]LogModuleManager: Shutting down and abandoning module AndroidPlatformEditor (412)
[2017.04.29-11.43.29:892][404]LogModuleManager: Shutting down and abandoning module AndroidDeviceDetection (411)
[2017.04.29-11.43.30:903][404]LogModuleManager: Shutting down and abandoning module IOSRuntimeSettings (408)
[2017.04.29-11.43.30:903][404]LogModuleManager: Shutting down and abandoning module AndroidRuntimeSettings (406)
[2017.04.29-11.43.30:903][404]LogModuleManager: Shutting down and abandoning module InputBindingEditor (404)
[2017.04.29-11.43.30:919][404]LogModuleManager: Shutting down and abandoning module NiagaraEditor (402)
[2017.04.29-11.43.30:964][404]LogModuleManager: Shutting down and abandoning module MergeActors (400)
[2017.04.29-11.43.31:005][404]LogModuleManager: Shutting down and abandoning module SizeMap (398)
[2017.04.29-11.43.31:005][404]LogModuleManager: Shutting down and abandoning module TreeMap (396)
[2017.04.29-11.43.31:015][404]LogModuleManager: Shutting down and abandoning module ReferenceViewer (394)
[2017.04.29-11.43.31:015][404]LogModuleManager: Shutting down and abandoning module LocalizationDashboard (392)
[2017.04.29-11.43.31:049][404]LogModuleManager: Shutting down and abandoning module LocalizationService (391)
[2017.04.29-11.43.31:226][404]LogModuleManager: Shutting down and abandoning module HardwareTargeting (388)
[2017.04.29-11.43.31:234][404]LogModuleManager: Shutting down and abandoning module DeviceProfileEditor (386)
[2017.04.29-11.43.31:241][404]LogModuleManager: Shutting down and abandoning module UndoHistory (384)
[2017.04.29-11.43.31:249][404]LogModuleManager: Shutting down and abandoning module UserFeedback (382)
[2017.04.29-11.43.31:249][404]LogModuleManager: Shutting down and abandoning module XmlParser (380)
[2017.04.29-11.43.31:252][404]LogModuleManager: Shutting down and abandoning module Blutility (378)
[2017.04.29-11.43.31:255][404]LogModuleManager: Shutting down and abandoning module ProjectSettingsViewer (376)
[2017.04.29-11.43.31:255][404]LogModuleManager: Shutting down and abandoning module ProjectTargetPlatformEditor (375)
[2017.04.29-11.43.31:255][404]LogModuleManager: Shutting down and abandoning module EditorSettingsViewer (372)
[2017.04.29-11.43.31:255][404]LogModuleManager: Shutting down and abandoning module SettingsEditor (370)
[2017.04.29-11.43.31:259][404]LogModuleManager: Shutting down and abandoning module ProjectLauncher (368)
[2017.04.29-11.43.31:302][404]LogModuleManager: Shutting down and abandoning module SessionFrontend (366)
[2017.04.29-11.43.31:311][404]LogModuleManager: Shutting down and abandoning module ProfilerClient (364)
[2017.04.29-11.43.31:359][404]LogModuleManager: Shutting down and abandoning module DeviceManager (362)
[2017.04.29-11.43.31:399][404]LogModuleManager: Shutting down and abandoning module TargetDeviceServices (361)
[2017.04.29-11.43.31:442][404]LogModuleManager: Shutting down and abandoning module AutomationController (358)
[2017.04.29-11.43.31:468][404]LogModuleManager: Shutting down and abandoning module AutomationWindow (356)
[2017.04.29-11.43.31:542][404]LogModuleManager: Shutting down and abandoning module Layers (354)
[2017.04.29-11.43.31:614][404]LogModuleManager: Shutting down and abandoning module ComponentVisualizers (352)
[2017.04.29-11.43.31:614][404]LogModuleManager: Shutting down and abandoning module DetailCustomizations (350)
[2017.04.29-11.43.31:625][404]LogModuleManager: Shutting down and abandoning module PackagesDialog (348)
[2017.04.29-11.43.31:625][404]LogModuleManager: Shutting down and abandoning module Persona (346)
[2017.04.29-11.43.31:644][404]LogModuleManager: Shutting down and abandoning module AnimGraph (345)
[2017.04.29-11.43.31:644][404]LogModuleManager: Shutting down and abandoning module Kismet (342)
[2017.04.29-11.43.31:651][404]LogModuleManager: Shutting down and abandoning module GraphEditor (340)
[2017.04.29-11.43.31:651][404]LogModuleManager: Shutting down and abandoning module ClassViewer (338)
[2017.04.29-11.43.31:659][404]LogModuleManager: Shutting down and abandoning module Toolbox (336)
[2017.04.29-11.43.31:661][404]LogModuleManager: Shutting down and abandoning module ModuleUI (334)
[2017.04.29-11.43.31:666][404]LogModuleManager: Shutting down and abandoning module MovieSceneTools (332)
[2017.04.29-11.43.31:669][404]LogModuleManager: Shutting down and abandoning module OutputLog (330)
[2017.04.29-11.43.31:673][404]LogModuleManager: Shutting down and abandoning module GammaUI (328)
[2017.04.29-11.43.31:682][404]LogModuleManager: Shutting down and abandoning module Documentation (326)
[2017.04.29-11.43.31:682][404]LogModuleManager: Shutting down and abandoning module Niagara (324)
[2017.04.29-11.43.31:682][404]LogModuleManager: Shutting down and abandoning module StreamingPauseRendering (322)
[2017.04.29-11.43.31:682][404]LogModuleManager: Shutting down and abandoning module AnalyticsET (320)
[2017.04.29-11.43.31:682][404]LogModuleManager: Shutting down and abandoning module PortalServices (318)
[2017.04.29-11.43.31:682][404]LogModuleManager: Shutting down and abandoning module PortalRpc (316)
[2017.04.29-11.43.31:682][404]LogModuleManager: Shutting down and abandoning module MessagingRpc (314)
[2017.04.29-11.43.31:682][404]LogModuleManager: Shutting down and abandoning module AIModule (312)
[2017.04.29-11.43.31:682][404]LogModuleManager: Shutting down and abandoning module GameplayDebugger (311)
[2017.04.29-11.43.31:685][404]LogModuleManager: Shutting down and abandoning module AITestSuite (309)
[2017.04.29-11.43.31:686][404]LogModuleManager: Shutting down and abandoning module ProfilerService (306)
[2017.04.29-11.43.31:812][404]LogModuleManager: Shutting down and abandoning module TaskGraph (304)
[2017.04.29-11.43.31:888][404]LogModuleManager: Shutting down and abandoning module SteamVRController (302)
[2017.04.29-11.43.31:888][404]LogModuleManager: Shutting down and abandoning module SteamVR (300)
[2017.04.29-11.43.31:888][404]LogModuleManager: Shutting down and abandoning module ProceduralMeshComponentEditor (298)
[2017.04.29-11.43.31:888][404]LogModuleManager: Shutting down and abandoning module ProceduralMeshComponent (296)
[2017.04.29-11.43.31:892][404]LogModuleManager: Shutting down and abandoning module OculusLibrary (294)
[2017.04.29-11.43.31:892][404]LogModuleManager: Shutting down and abandoning module OculusInput (292)
[2017.04.29-11.43.31:892][404]LogModuleManager: Shutting down and abandoning module MobilePatchingUtils (290)
[2017.04.29-11.43.31:892][404]LogModuleManager: Shutting down and abandoning module CustomMeshComponent (288)
[2017.04.29-11.43.31:892][404]LogModuleManager: Shutting down and abandoning module CableComponent (286)
[2017.04.29-11.43.31:899][404]LogModuleManager: Shutting down and abandoning module ArchVisCharacter (284)
[2017.04.29-11.43.31:899][404]LogModuleManager: Shutting down and abandoning module MediaPlayerEditor (280)
[2017.04.29-11.43.31:971][404]LogModuleManager: Shutting down and abandoning module HTML5Networking (278)
[2017.04.29-11.43.31:971][404]LogModuleManager: Shutting down and abandoning module AlembicImporter (276)
[2017.04.29-11.43.31:996][404]LogModuleManager: Shutting down and abandoning module AlembicLibrary (275)
[2017.04.29-11.43.31:996][404]LogModuleManager: Shutting down and abandoning module GeometryCache (274)
[2017.04.29-11.43.32:004][404]LogModuleManager: Shutting down and abandoning module GeometryCacheEd (273)
[2017.04.29-11.43.32:004][404]LogModuleManager: Shutting down and abandoning module SuperSearchEditor (268)
[2017.04.29-11.43.32:004][404]LogModuleManager: Shutting down and abandoning module SuperSearch (267)
[2017.04.29-11.43.32:004][404]LogModuleManager: Shutting down and abandoning module SpeedTreeImporter (264)
[2017.04.29-11.43.32:004][404]LogModuleManager: Shutting down and abandoning module PluginBrowser (262)
[2017.04.29-11.43.32:045][404]LogModuleManager: Shutting down and abandoning module MobileLauncherProfileWizard (260)
[2017.04.29-11.43.32:086][404]LogModuleManager: Shutting down and abandoning module EpicSurvey (258)
[2017.04.29-11.43.32:086][404]LogModuleManager: Shutting down and abandoning module VisualStudioSourceCodeAccess (256)
[2017.04.29-11.43.32:087][404]LogModuleManager: Shutting down and abandoning module DesktopPlatform (255)
[2017.04.29-11.43.32:087][404]LogModuleManager: Shutting down and abandoning module UObjectPlugin (252)
[2017.04.29-11.43.32:087][404]LogModuleManager: Shutting down and abandoning module SubversionSourceControl (250)
[2017.04.29-11.43.32:133][404]LogModuleManager: Shutting down and abandoning module PerforceSourceControl (248)
[2017.04.29-11.43.32:142][404]LogModuleManager: Shutting down and abandoning module GitSourceControl (246)
[2017.04.29-11.43.32:169][404]LogModuleManager: Shutting down and abandoning module SourceControl (245)
[2017.04.29-11.43.32:194][404]LogModuleManager: Shutting down and abandoning module LightPropagationVolumeEditor (242)
[2017.04.29-11.43.32:194][404]LogModuleManager: Shutting down and abandoning module PaperTiledImporter (240)
[2017.04.29-11.43.32:194][404]LogModuleManager: Shutting down and abandoning module PaperSpriteSheetImporter (238)
[2017.04.29-11.43.32:194][404]LogModuleManager: Shutting down and abandoning module Paper2DEditor (236)
[2017.04.29-11.43.32:236][404]LogModuleManager: Shutting down and abandoning module MeshPaint (235)
[2017.04.29-11.43.32:263][404]LogModuleManager: Shutting down and abandoning module LevelEditor (233)
[2017.04.29-11.43.32:299][404]LogModuleManager: Shutting down and abandoning module PixelInspectorModule (232)
[2017.04.29-11.43.32:315][404]LogModuleManager: Shutting down and abandoning module MainFrame (230)
[2017.04.29-11.43.32:315][404]LogModuleManager: Shutting down and abandoning module HotReload (229)
[2017.04.29-11.43.32:345][404]LogModuleManager: Shutting down and abandoning module ContentBrowser (225)
[2017.04.29-11.43.32:346][404]LogModuleManager: Shutting down and abandoning module PhysXVehiclesEditor (222)
[2017.04.29-11.43.32:373][404]LogModuleManager: Shutting down and abandoning module PhysXVehicles (220)
[2017.04.29-11.43.32:373][404]LogModuleManager: Shutting down and abandoning module LocationServicesBPLibrary (218)
[2017.04.29-11.43.32:373][404]LogModuleManager: Shutting down and abandoning module UdpMessaging (216)
[2017.04.29-11.43.32:474][404]LogModuleManager: Shutting down and abandoning module TcpMessaging (214)
[2017.04.29-11.43.32:594][404]LogModuleManager: Shutting down and abandoning module GameplayTagsEditor (212)
[2017.04.29-11.43.32:671][404]LogModuleManager: Shutting down and abandoning module FacialAnimationEditor (210)
[2017.04.29-11.43.32:719][404]LogModuleManager: Shutting down and abandoning module FacialAnimation (208)
[2017.04.29-11.43.32:719][404]LogModuleManager: Shutting down and abandoning module LightPropagationVolumeRuntime (206)
[2017.04.29-11.43.32:719][404]LogModuleManager: Shutting down and abandoning module Paper2D (204)
[2017.04.29-11.43.32:727][404]LogModuleManager: Shutting down and abandoning module WindowsMoviePlayer (202)
[2017.04.29-11.43.32:732][404]LogModuleManager: Shutting down and abandoning module WmfMedia (200)
[2017.04.29-11.43.32:769][404]LogModuleManager: Shutting down and abandoning module MfMedia (198)
[2017.04.29-11.43.32:769][404]LogModuleManager: Shutting down and abandoning module MediaAssets (196)
[2017.04.29-11.43.32:769][404]LogModuleManager: Shutting down and abandoning module GameLiveStreaming (194)
[2017.04.29-11.43.32:773][404]LogModuleManager: Shutting down and abandoning module VREditor (192)
[2017.04.29-11.43.32:773][404]LogModuleManager: Shutting down and abandoning module GameplayTasksEditor (190)
[2017.04.29-11.43.32:773][404]LogModuleManager: Shutting down and abandoning module BehaviorTreeEditor (188)
[2017.04.29-11.43.32:824][404]LogModuleManager: Shutting down and abandoning module FunctionalTesting (186)
[2017.04.29-11.43.32:824][404]LogModuleManager: Shutting down and abandoning module CollisionAnalyzer (184)
[2017.04.29-11.43.32:832][404]LogModuleManager: Shutting down and abandoning module UMG (182)
[2017.04.29-11.43.32:906][404]LogModuleManager: Shutting down and abandoning module UMGEditor (181)
[2017.04.29-11.43.32:931][404]LogModuleManager: Shutting down and abandoning module Sequencer (180)
[2017.04.29-11.43.32:995][404]LogModuleManager: Shutting down and abandoning module AssetTools (178)
[2017.04.29-11.43.33:104][404]LogModuleManager: Shutting down and abandoning module MessageLog (177)
[2017.04.29-11.43.33:104][404]LogModuleManager: Shutting down and abandoning module WorkspaceMenuStructure (176)
[2017.04.29-11.43.33:104][404]LogModuleManager: Shutting down and abandoning module SlateReflector (170)
[2017.04.29-11.43.33:218][404]LogModuleManager: Shutting down and abandoning module Slate (168)
[2017.04.29-11.43.33:218][404]LogModuleManager: Shutting down and abandoning module EditorStyle (166)
[2017.04.29-11.43.33:236][404]LogModuleManager: Shutting down and abandoning module SourceCodeAccess (164)
[2017.04.29-11.43.33:258][404]LogModuleManager: Shutting down and abandoning module HeadMountedDisplay (162)
[2017.04.29-11.43.33:258][404]LogModuleManager: Shutting down and abandoning module XAudio2 (160)
[2017.04.29-11.43.33:258][404]LogModuleManager: Shutting down and abandoning module Networking (158)
[2017.04.29-11.43.33:258][404]LogModuleManager: Shutting down and abandoning module Core (154)
[2017.04.29-11.43.33:258][404]LogModuleManager: Shutting down and abandoning module AssetRegistry (152)
[2017.04.29-11.43.34:885][404]LogDirectoryWatcher: A directory notification for '../../../Engine/Content/' was aborted.
[2017.04.29-11.43.34:885][404]LogDirectoryWatcher: A directory notification for 'I:/infinit_run/Content/' was aborted.
[2017.04.29-11.43.34:885][404]LogDirectoryWatcher: A directory notification for '../../../Engine/Plugins/2D/Paper2D/Content/' was aborted.
[2017.04.29-11.43.34:892][404]LogModuleManager: Shutting down and abandoning module DirectoryWatcher (151)
[2017.04.29-11.43.34:892][404]LogModuleManager: Shutting down and abandoning module KismetCompiler (148)
[2017.04.29-11.43.34:892][404]LogModuleManager: Shutting down and abandoning module PhysXFormats (146)
[2017.04.29-11.43.34:892][404]LogModuleManager: Shutting down and abandoning module MeshUtilities (144)
[2017.04.29-11.43.34:914][404]LogModuleManager: Shutting down and abandoning module SimplygonSwarm (143)
[2017.04.29-11.43.34:919][404]LogModuleManager: Shutting down and abandoning module SimplygonMeshReduction (141)
[2017.04.29-11.43.34:919][404]LogModuleManager: Shutting down and abandoning module QuadricMeshReduction (139)
[2017.04.29-11.43.34:956][404]LogModuleManager: Shutting down and abandoning module PropertyEditor (137)
[2017.04.29-11.43.34:956][404]LogModuleManager: Shutting down and abandoning module DerivedDataCache (134)
[2017.04.29-11.43.35:018][404]LogDerivedDataCache: Shutdown
[2017.04.29-11.43.35:018][404]LogModuleManager: Shutting down and abandoning module TargetPlatform (132)
[2017.04.29-11.43.35:018][404]LogModuleManager: Shutting down and abandoning module VulkanShaderFormat (131)
[2017.04.29-11.43.35:046][404]LogModuleManager: Shutting down and abandoning module ShaderFormatOpenGL (129)
[2017.04.29-11.43.35:060][404]LogModuleManager: Shutting down and abandoning module ShaderFormatD3D (127)
[2017.04.29-11.43.35:065][404]LogModuleManager: Shutting down and abandoning module MetalShaderFormat (125)
[2017.04.29-11.43.35:288][404]LogModuleManager: Shutting down and abandoning module TextureFormatUncompressed (123)
[2017.04.29-11.43.35:288][404]LogModuleManager: Shutting down and abandoning module TextureFormatPVR (121)
[2017.04.29-11.43.35:288][404]LogModuleManager: Shutting down and abandoning module TextureFormatDXT (119)
[2017.04.29-11.43.35:306][404]LogModuleManager: Shutting down and abandoning module TextureFormatIntelISPCTexComp (117)
[2017.04.29-11.43.35:581][404]LogModuleManager: Shutting down and abandoning module TextureFormatASTC (115)
[2017.04.29-11.43.35:581][404]LogModuleManager: Shutting down and abandoning module ImageWrapper (114)
[2017.04.29-11.43.35:581][404]LogModuleManager: Shutting down and abandoning module TextureFormatAndroid (111)
[2017.04.29-11.43.35:581][404]LogModuleManager: Shutting down and abandoning module AudioFormatOpus (109)
[2017.04.29-11.43.35:583][404]LogModuleManager: Shutting down and abandoning module AudioFormatOgg (107)
[2017.04.29-11.43.35:583][404]LogModuleManager: Shutting down and abandoning module AudioFormatADPCM (105)
[2017.04.29-11.43.35:583][404]LogModuleManager: Shutting down and abandoning module LinuxTargetPlatform (103)
[2017.04.29-11.43.35:583][404]LogModuleManager: Shutting down and abandoning module LinuxServerTargetPlatform (101)
[2017.04.29-11.43.35:583][404]LogModuleManager: Shutting down and abandoning module LinuxNoEditorTargetPlatform (99)
[2017.04.29-11.43.35:583][404]LogModuleManager: Shutting down and abandoning module LinuxClientTargetPlatform (97)
[2017.04.29-11.43.35:583][404]LogModuleManager: Shutting down and abandoning module TVOSTargetPlatform (95)
[2017.04.29-11.43.35:583][404]LogModuleManager: Shutting down and abandoning module Messaging (93)
[2017.04.29-11.43.35:583][404]LogModuleManager: Shutting down and abandoning module IOSTargetPlatform (91)
[2017.04.29-11.43.35:583][404]LogModuleManager: Shutting down and abandoning module HTML5TargetPlatform (89)
[2017.04.29-11.43.35:583][404]LogModuleManager: Shutting down and abandoning module Android_PVRTCTargetPlatform (87)
[2017.04.29-11.43.35:583][404]LogModuleManager: Shutting down and abandoning module Android_MultiTargetPlatform (85)
[2017.04.29-11.43.35:583][404]LogModuleManager: Shutting down and abandoning module Android_ETC2TargetPlatform (83)
[2017.04.29-11.43.35:583][404]LogModuleManager: Shutting down and abandoning module Android_ETC1TargetPlatform (81)
[2017.04.29-11.43.35:583][404]LogModuleManager: Shutting down and abandoning module Android_DXTTargetPlatform (79)
[2017.04.29-11.43.35:583][404]LogModuleManager: Shutting down and abandoning module Android_ATCTargetPlatform (77)
[2017.04.29-11.43.35:583][404]LogModuleManager: Shutting down and abandoning module Android_ASTCTargetPlatform (75)
[2017.04.29-11.43.35:583][404]LogModuleManager: Shutting down and abandoning module AndroidTargetPlatform (73)
[2017.04.29-11.43.35:583][404]LogModuleManager: Shutting down and abandoning module WindowsTargetPlatform (71)
[2017.04.29-11.43.35:583][404]LogModuleManager: Shutting down and abandoning module WindowsServerTargetPlatform (69)
[2017.04.29-11.43.35:583][404]LogModuleManager: Shutting down and abandoning module WindowsNoEditorTargetPlatform (67)
[2017.04.29-11.43.35:583][404]LogModuleManager: Shutting down and abandoning module WindowsClientTargetPlatform (65)
[2017.04.29-11.43.35:583][404]LogModuleManager: Shutting down and abandoning module MacTargetPlatform (63)
[2017.04.29-11.43.35:583][404]LogModuleManager: Shutting down and abandoning module MacServerTargetPlatform (61)
[2017.04.29-11.43.35:583][404]LogModuleManager: Shutting down and abandoning module MacNoEditorTargetPlatform (59)
[2017.04.29-11.43.35:583][404]LogModuleManager: Shutting down and abandoning module MacClientTargetPlatform (57)
[2017.04.29-11.43.35:583][404]LogModuleManager: Shutting down and abandoning module AllDesktopTargetPlatform (55)
[2017.04.29-11.43.35:583][404]LogModuleManager: Shutting down and abandoning module InputCore (52)
[2017.04.29-11.43.35:583][404]LogModuleManager: Shutting down and abandoning module Settings (50)
[2017.04.29-11.43.35:583][404]LogModuleManager: Shutting down and abandoning module OculusRift (48)
[2017.04.29-11.43.35:593][404]LogModuleManager: Shutting down and abandoning module GearVR (46)
[2017.04.29-11.43.35:593][404]LogModuleManager: Shutting down and abandoning module ExampleDeviceProfileSelector (44)
[2017.04.29-11.43.35:593][404]LogModuleManager: Shutting down and abandoning module OnlineBlueprintSupport (42)
[2017.04.29-11.43.35:593][404]LogModuleManager: Shutting down and abandoning module OnlineSubsystem (38)
[2017.04.29-11.43.35:593][404]LogOnline:Display: Unloading online subsystem: NULL
[2017.04.29-11.43.35:620][404]LogModuleManager: Shutting down and abandoning module XMPP (37)
[2017.04.29-11.43.35:748][404]LogModuleManager: Shutting down and abandoning module HTTP (35)
[2017.04.29-11.43.35:756][404]LogHttp:Display: Http module shutting down, but needs to wait on 1 outstanding Http requests:
[2017.04.29-11.43.35:756][404]LogHttp:Display: 	verb=[POST] url=[https://datarouter.ol.epicgames.com/datarouter/api/v1/public/data?SessionID=%7B19E08118-4603-84EE-BAC4-6B922087E331%7D&AppID=UEEditor.Rocket.Release&AppVersion=4.15.1-3348071%2B%2B%2BUE4%2BRelease-4.15&UserID=c5296d394379aeaaa2ec4e9ba4e5b1a5%7Cb1a04c446d3e4eaa8f76690b72523e45%7Cd6c4f858-c92c-4e48-8a34-90f5a0c3c691&AppEnvironment=datacollector-binary&UploadType=eteventstream] status=Processing
[2017.04.29-11.43.35:768][404]LogModuleManager: Shutting down and abandoning module SSL (34)
[2017.04.29-11.43.35:795][404]LogModuleManager: Shutting down and abandoning module AudioEditor (30)
[2017.04.29-11.43.35:897][404]LogModuleManager: Shutting down and abandoning module TextureCompressor (28)
[2017.04.29-11.43.35:911][404]LogModuleManager: Shutting down and abandoning module ShaderCore (26)
[2017.04.29-11.43.35:911][404]LogModuleManager: Shutting down and abandoning module Landscape (24)
[2017.04.29-11.43.35:911][404]LogModuleManager: Shutting down and abandoning module SlateRHIRenderer (22)
[2017.04.29-11.43.35:929][404]LogModuleManager: Shutting down and abandoning module OpenGLDrv (20)
[2017.04.29-11.43.36:000][404]LogModuleManager: Shutting down and abandoning module D3D11RHI (18)
[2017.04.29-11.43.36:000][404]LogModuleManager: Shutting down and abandoning module AnimGraphRuntime (16)
[2017.04.29-11.43.36:008][404]LogModuleManager: Shutting down and abandoning module Renderer (14)
[2017.04.29-11.43.36:008][404]LogModuleManager: Shutting down and abandoning module Engine (12)
[2017.04.29-11.43.36:008][404]LogModuleManager: Shutting down and abandoning module CoreUObject (10)
[2017.04.29-11.43.36:008][404]LogModuleManager: Shutting down and abandoning module NetworkFile (8)
[2017.04.29-11.43.36:104][404]LogModuleManager: Shutting down and abandoning module StreamingFile (6)
[2017.04.29-11.43.36:146][404]LogModuleManager: Shutting down and abandoning module SandboxFile (4)
[2017.04.29-11.43.36:146][404]LogModuleManager: Shutting down and abandoning module PakFile (2)
[2017.04.29-11.43.36:164][404]LogExit: Exiting.
[2017.04.29-11.43.36:621][404]Log file closed, 04/29/17 08:43:36
